<?xml version="1.0" encoding="UTF-8"?>
<!-- Generated by org.testng.reporters.JUnitReportReporter -->
<testsuite hostname="client38" failures="0" tests="1" name="myproject.TC_1" time="20.510" errors="0" timestamp="2023-10-14T13:50:46 IST" skipped="0">
  <testcase classname="myproject.TC_1" name="testLogin" time="20.510"/>
</testsuite> <!-- myproject.TC_1 -->
